Jul 31, 1983 bwk         3249 invisible stalker  16  53   11   9  9/1370
Jul 30, 1983 bwk         2743 troll              14  45   15   9  8/737
Jul 31, 1983 bwk         2692 invisible stalker  16  49   16   9  8/1163
Aug  3, 1983 bwk         1814 centaur            11  45    5   9  7/359
Aug  1, 1983 theo        1164 quit                6  43   11   6  5/129
Aug  4, 1983 rtm          844 quit                5  38   12   6  5/109
Apr 27, 1984 mjs          762 giant ant           5  26   13   6  5/155
Aug  6, 1983 ben          528*quit                5  23   13   6  5/156
Jul 31, 1983 bwk          499 orc                 5  27   15   6  4/78
Aug  7, 1983 ben          429 giant ant           5  29   14   6  4/71
Aug  6, 1983 ben          424 snake               3  26   14   6  4/68
Jul 30, 1983 bwk          406 quit                3  27   15   6  4/56
Jul 29, 1983 msm          401 snake               4  15   17   6  3/37
Jul 29, 1983 msm          235 kobold              2  17   16   6  3/24
Jul 30, 1983 bwk          184 quit                3  19   14   6  2/15
Jul 31, 1983 bwk          171 quit                2  41   15   6  5/82
Jul 31, 1983 s            164 hobgoblin           1  17   16   6  2/13
Aug  7, 1983 ben          153 snake               4  21   16   6  2/15
Apr 27, 1984 mjs          149 snake               4  25   16   6  4/50
Jul 31, 1983 bwk          127 bat                 2  21   16   6  2/16
Aug  7, 1983 ben          117 hobgoblin           2  15   16   6  2/10
Jul 30, 1983 bwk          104 kobold              2  12   16   6  1/9
Jul 31, 1983 bwk           92 hobgoblin           1  26   16   6  3/27
Jul 31, 1983 bwk           88 kobold              1  12   15   6  1/9
Jul 31, 1983 bwk           83 hobgoblin           1  12   16   6  1/4
Jul 31, 1983 bwk           73 snake               2  12   16   6  1/3
Jul 31, 1983 bwk           65 quit                2  12   16   6  1/5
Aug  3, 1983 bwk           54 hobgoblin           1  12   16   6  1/9
Aug  2, 1983 bwk           49 quit                2  12   16   6  1/2
Aug  2, 1983 steve         48 hobgoblin           1  12   16   6  1/2
Aug  7, 1983 ben           45 hobgoblin           1  12   16   6  1/4
Jul 30, 1983 bwk           23 quit                1  12   16   6  1/7
Aug  4, 1983 ben           14 hobgoblin           1  12   16   6  1/2
Aug  6, 1983 ben            0 hobgoblin           1  12   16   6  1/0
Aug  7, 1983 ben            0 quit                1  12   16   6  1/1
Aug  7, 1983 ben            0 quit                1  12   16   6  1/2
Jul 26, 1983 rtm            0 quit                1  12   16   6  1/0
Jul 30, 1983 frg            0 quit                1  12   16   6  1/2
Jul  8, 1984 reeds         49 quit                1  12   16   6  1/2
Oct  9, 1984 reeds       1098 quit                7  33   17   6  6/173
Oct 22, 1984 reeds       1660 quit               11  63    9   9  7/357
Nov 29, 1984 srm         2226 troll              13  40   15   9  8/943
